TN:
SF:/mnt/c/Users/UCRE/Documents/test/build/func13.c
FN:3,7,add
FNDA:2,add
FNF:1
FNH:1
DA:3,2
DA:5,2
DA:6,2
LF:3
LH:3
end_of_record
TN:
SF:/mnt/c/Users/UCRE/Documents/test/build/gtest13.cpp
FN:4,4,_ZN29header13Test_AddPointers_Test8TestBodyEv
FN:4,4,_ZN29header13Test_AddPointers_TestC2Ev
FN:4,4,_ZN29header13Test_AddPointers_TestD0Ev
FN:4,4,_ZN29header13Test_AddPointers_TestD2Ev
FNDA:1,_ZN29header13Test_AddPointers_Test8TestBodyEv
FNDA:1,_ZN29header13Test_AddPointers_TestC2Ev
FNDA:1,_ZN29header13Test_AddPointers_TestD0Ev
FNDA:1,_ZN29header13Test_AddPointers_TestD2Ev
FNF:4
FNH:4
DA:4,4
DA:5,1
DA:6,1
DA:8,1
DA:9,1
DA:10,1
LF:6
LH:6
end_of_record
